<?xml version="1.0" encoding="UTF-8"?>
<!-- Generated by org.testng.reporters.JUnitReportReporter -->
<testsuite hostname="DESKTOP-SN7B2MS" failures="0" tests="2" name="com.mycompany.app.AppiumTest" time="0.004" errors="0" timestamp="2020-05-25T07:39:54 IST" skipped="0">
  <testcase classname="com.mycompany.app.AppiumTest" name="AppiumUiElement" time="0.000"/>
  <system-out/>
  <testcase classname="com.mycompany.app.AppiumTest" name="AppiumBrowserAutomation" time="0.004"/>
  <system-out/>
</testsuite> <!-- com.mycompany.app.AppiumTest -->
