<?xml version="1.0" encoding="UTF-8"?>
<!-- Generated by org.testng.reporters.JUnitReportReporter -->
<testsuite hostname="DESKTOP-SN7B2MS" failures="0" tests="1" name="com.mycompany.app.AppTest" time="0.014" errors="0" timestamp="2020-05-25T07:39:55 IST" skipped="0">
  <testcase classname="com.mycompany.app.AppTest" name="testApp" time="0.014"/>
  <system-out/>
</testsuite> <!-- com.mycompany.app.AppTest -->
