<?xml version="1.0" encoding="UTF-8"?>
<!-- Generated by org.testng.reporters.JUnitReportReporter -->
<testsuite skipped="0" hostname="DESKTOP-SN7B2MS" name="com.mycompany.app.SeleniumTest" tests="1" failures="0" timestamp="2020-05-24T08:28:39 IST" time="0.017" errors="0">
  <testcase name="elementui" time="0.017" classname="com.mycompany.app.SeleniumTest"/>
  <system-out/>
</testsuite> <!-- com.mycompany.app.SeleniumTest -->
