<?xml version="1.0" encoding="UTF-8"?>
<!-- Generated by org.testng.reporters.JUnitReportReporter -->
<testsuite hostname="DESKTOP-SN7B2MS" failures="0" tests="2" name="com.mycompany.app.ApiTest" time="0.004" errors="0" timestamp="2020-05-25T08:36:18 IST" skipped="0">
  <testcase classname="com.mycompany.app.ApiTest" name="ApiTestBrowserautomation" time="0.004"/>
  <system-out/>
  <testcase classname="com.mycompany.app.ApiTest" name="ApiUiElement" time="0.000"/>
  <system-out/>
</testsuite> <!-- com.mycompany.app.ApiTest -->
