<?xml version="1.0" encoding="UTF-8"?>
<!-- Generated by org.testng.reporters.JUnitReportReporter -->
<testsuite hostname="DESKTOP-SN7B2MS" failures="0" tests="2" name="com.mycompany.app.SeleniumTest" time="0.000" errors="0" timestamp="2020-05-25T08:36:18 IST" skipped="0">
  <testcase classname="com.mycompany.app.SeleniumTest" name="login" time="0.000"/>
  <system-out/>
  <testcase classname="com.mycompany.app.SeleniumTest" name="browserautomation" time="0.000"/>
  <system-out/>
</testsuite> <!-- com.mycompany.app.SeleniumTest -->
